<?xml version="1.0" encoding="UTF-8"?>
<testsuite name="com.example.b07project.StudentRegisterPresenterTest" tests="6" skipped="0" failures="0" errors="0" timestamp="2023-12-03T02:35:25" hostname="MacBook-Air.local" time="0.103">
  <properties/>
  <testcase name="registerStudent_withEmptyUsername_shouldShowRegistrationFailure" classname="com.example.b07project.StudentRegisterPresenterTest" time="0.096"/>
  <testcase name="registerStudent_withEmptyPassword_shouldShowRegistrationFailure" classname="com.example.b07project.StudentRegisterPresenterTest" time="0.001"/>
  <testcase name="registerStudent_withNonUniqueUsername_shouldShowUsernameTaken" classname="com.example.b07project.StudentRegisterPresenterTest" time="0.003"/>
  <testcase name="registerStudent_withUniqueUsernameAndSuccessfulRegistration_shouldShowRegistrationSuccess" classname="com.example.b07project.StudentRegisterPresenterTest" time="0.001"/>
  <testcase name="registerStudent_withEmptyFullName_shouldShowRegistrationFailure" classname="com.example.b07project.StudentRegisterPresenterTest" time="0.001"/>
  <testcase name="registerStudent_withUniqueUsernameAndFailedRegistration_shouldShowRegistrationFailure" classname="com.example.b07project.StudentRegisterPresenterTest" time="0.001"/>
  <system-out><![CDATA[]]></system-out>
  <system-err><![CDATA[]]></system-err>
</testsuite>
